Qin-Backup/Qin/app/build/intermediates/manifest_merge_blame_file/debug/manifest-merger-blame-debug-report.txt
1<?xml version="1.0" encoding="utf-8"?>
2<manifest xmlns:android="http://schemas.android.com/apk/res/android"
3    package="edu.bfa.ss.qin"
4    android:versionCode="1"
5    android:versionName="1.0" >
6
7    <uses-sdk
8        android:minSdkVersion="23"
8-->src/main/AndroidManifest.xml
9        android:targetSdkVersion="29" />
9-->src/main/AndroidManifest.xml
10
11    <uses-permission android:name="android.permission.CAMERA" />
11-->src/main/AndroidManifest.xml:5:5-65
11-->src/main/AndroidManifest.xml:5:22-62
12    <uses-permission android:name="android.permission.INTERNET" />
12-->src/main/AndroidManifest.xml:6:5-67
12-->src/main/AndroidManifest.xml:6:22-64
13    <uses-permission android:name="android.permission.ACCESS_NETWORK_STATE" />
13-->src/main/AndroidManifest.xml:7:5-79
13-->src/main/AndroidManifest.xml:7:22-76
14    <uses-permission android:name="android.permission.BLUETOOTH" />
14-->src/main/AndroidManifest.xml:8:5-68
14-->src/main/AndroidManifest.xml:8:22-65
15    <uses-permission android:name="android.permission.BLUETOOTH_ADMIN" />
15-->src/main/AndroidManifest.xml:9:5-74
15-->src/main/AndroidManifest.xml:9:22-71
16    <uses-permission android:name="android.permission.ACCESS_FINE_LOCATION" />
16-->src/main/AndroidManifest.xml:10:5-79
16-->src/main/AndroidManifest.xml:10:22-76
17    <uses-permission android:name="android.permission.ACCESS_COARSE_LOCATION" />
17-->src/main/AndroidManifest.xml:11:5-81
17-->src/main/AndroidManifest.xml:11:22-78
18
19    <application
19-->src/main/AndroidManifest.xml:13:5-33:19
20        android:name="edu.bfa.ss.qin.Custom.UI.QinApplication"
20-->src/main/AndroidManifest.xml:14:9-49
21        android:allowBackup="true"
21-->src/main/AndroidManifest.xml:15:9-35
22        android:appComponentFactory="androidx.core.app.CoreComponentFactory"
22-->[androidx.core:core:1.1.0] AndroidManifest.xml:24:18-86
23        android:debuggable="true"
24        android:icon="@mipmap/ic_launcher"
24-->src/main/AndroidManifest.xml:16:9-43
25        android:label="@string/app_name"
25-->src/main/AndroidManifest.xml:17:9-41
26        android:roundIcon="@mipmap/ic_launcher_round"
26-->src/main/AndroidManifest.xml:18:9-54
27        android:supportsRtl="true"
27-->src/main/AndroidManifest.xml:19:9-35
28        android:testOnly="true"
29        android:theme="@style/Theme.AppCompat.Light.NoActionBar" >
29-->src/main/AndroidManifest.xml:20:9-65
30        <activity android:name="edu.bfa.ss.qin.InitializationActivity" >
30-->src/main/AndroidManifest.xml:21:9-27:20
30-->src/main/AndroidManifest.xml:21:19-57
31            <intent-filter>
31-->src/main/AndroidManifest.xml:22:13-26:29
32                <action android:name="android.intent.action.MAIN" />
32-->src/main/AndroidManifest.xml:23:17-69
32-->src/main/AndroidManifest.xml:23:25-66
33
34                <category android:name="android.intent.category.LAUNCHER" />
34-->src/main/AndroidManifest.xml:25:17-77
34-->src/main/AndroidManifest.xml:25:27-74
35            </intent-filter>
36        </activity>
37        <activity android:name="edu.bfa.ss.qin.CheckResultActivity" />
37-->src/main/AndroidManifest.xml:28:9-57
37-->src/main/AndroidManifest.xml:28:19-54
38        <activity android:name="edu.bfa.ss.qin.FaceDetectSimpleActivity" />
38-->src/main/AndroidManifest.xml:29:9-62
38-->src/main/AndroidManifest.xml:29:19-59
39        <activity android:name="edu.bfa.ss.qin.RoomListActivity" />
39-->src/main/AndroidManifest.xml:30:9-54
39-->src/main/AndroidManifest.xml:30:19-51
40        <activity android:name="edu.bfa.ss.qin.CheckDBActivity" />
40-->src/main/AndroidManifest.xml:31:9-53
40-->src/main/AndroidManifest.xml:31:19-50
41        <activity android:name="edu.bfa.ss.qin.QinSettingActivity" />
41-->src/main/AndroidManifest.xml:32:9-55
41-->src/main/AndroidManifest.xml:32:19-53
42    </application>
43
44</manifest>